2025-04-11 16:14:12,740 - INFO - Processing participant 0, found 1 data sequences
2025-04-11 16:14:12,743 - ERROR - Error processing sequence 0 for participant 0: x shape does not match training shape
2025-04-11 16:14:12,743 - WARNING - No valid data processed for participant 0
2025-04-11 16:14:12,743 - INFO - Processing participant 1, found 1 data sequences
2025-04-11 16:14:12,744 - ERROR - Error processing sequence 1 for participant 1: x shape does not match training shape
2025-04-11 16:14:12,744 - WARNING - No valid data processed for participant 1
2025-04-11 16:14:12,744 - INFO - Processing participant 2, found 1 data sequences
2025-04-11 16:14:12,746 - ERROR - Error processing sequence 2 for participant 2: x shape does not match training shape
2025-04-11 16:14:12,746 - WARNING - No valid data processed for participant 2
2025-04-11 16:14:12,746 - INFO - Processing participant 3, found 1 data sequences
2025-04-11 16:14:12,747 - ERROR - Error processing sequence 3 for participant 3: x shape does not match training shape
2025-04-11 16:14:12,748 - WARNING - No valid data processed for participant 3
2025-04-11 16:14:12,748 - INFO - Processing participant 4, found 1 data sequences
2025-04-11 16:14:12,749 - ERROR - Error processing sequence 4 for participant 4: x shape does not match training shape
2025-04-11 16:14:12,749 - WARNING - No valid data processed for participant 4
2025-04-11 16:14:12,749 - INFO - Processing participant 5, found 1 data sequences
2025-04-11 16:14:12,751 - ERROR - Error processing sequence 5 for participant 5: x shape does not match training shape
2025-04-11 16:14:12,751 - WARNING - No valid data processed for participant 5
2025-04-11 16:14:12,751 - INFO - Processing participant 6, found 1 data sequences
2025-04-11 16:14:12,752 - ERROR - Error processing sequence 6 for participant 6: x shape does not match training shape
2025-04-11 16:14:12,752 - WARNING - No valid data processed for participant 6
2025-04-11 16:14:12,752 - INFO - Processing participant 7, found 1 data sequences
2025-04-11 16:14:12,754 - ERROR - Error processing sequence 7 for participant 7: x shape does not match training shape
2025-04-11 16:14:12,754 - WARNING - No valid data processed for participant 7
2025-04-11 16:14:12,754 - INFO - Processing participant 8, found 1 data sequences
2025-04-11 16:14:12,756 - ERROR - Error processing sequence 8 for participant 8: x shape does not match training shape
2025-04-11 16:14:12,756 - WARNING - No valid data processed for participant 8
2025-04-11 16:14:12,756 - INFO - Processing participant 9, found 1 data sequences
2025-04-11 16:14:12,758 - ERROR - Error processing sequence 9 for participant 9: x shape does not match training shape
2025-04-11 16:14:12,759 - WARNING - No valid data processed for participant 9
2025-04-11 16:14:12,759 - INFO - Processing participant 10, found 1 data sequences
2025-04-11 16:14:12,760 - ERROR - Error processing sequence 10 for participant 10: x shape does not match training shape
2025-04-11 16:14:12,760 - WARNING - No valid data processed for participant 10
2025-04-11 16:14:12,760 - INFO - Processing participant 11, found 1 data sequences
2025-04-11 16:14:12,762 - ERROR - Error processing sequence 11 for participant 11: x shape does not match training shape
2025-04-11 16:14:12,762 - WARNING - No valid data processed for participant 11
2025-04-11 16:14:12,762 - INFO - Processing participant 12, found 1 data sequences
2025-04-11 16:14:12,764 - ERROR - Error processing sequence 12 for participant 12: x shape does not match training shape
2025-04-11 16:14:12,764 - WARNING - No valid data processed for participant 12
2025-04-11 16:14:12,764 - INFO - Processing participant 13, found 1 data sequences
2025-04-11 16:14:12,765 - ERROR - Error processing sequence 13 for participant 13: x shape does not match training shape
2025-04-11 16:14:12,765 - WARNING - No valid data processed for participant 13
2025-04-11 16:14:12,766 - INFO - Processing participant 14, found 1 data sequences
2025-04-11 16:14:12,767 - ERROR - Error processing sequence 14 for participant 14: x shape does not match training shape
2025-04-11 16:14:12,767 - WARNING - No valid data processed for participant 14
2025-04-11 16:14:12,767 - INFO - Processing participant 15, found 1 data sequences
2025-04-11 16:14:12,769 - ERROR - Error processing sequence 15 for participant 15: x shape does not match training shape
2025-04-11 16:14:12,769 - WARNING - No valid data processed for participant 15
2025-04-11 16:14:12,772 - INFO - 
Module: x_learning_rate_reward
2025-04-11 16:14:12,772 - INFO -   1: 16 participants (100.0%)
2025-04-11 16:14:12,772 - INFO -   x_learning_rate_reward: 15 participants (93.8%)
2025-04-11 16:14:12,772 - INFO -   c_value_choice: 3 participants (18.8%)
2025-04-11 16:14:12,772 - INFO -   c_value_choice^2: 3 participants (18.8%)
2025-04-11 16:14:12,772 - INFO -   x_learning_rate_reward c_value_choice: 2 participants (12.5%)
2025-04-11 16:14:12,772 - INFO - 
Module: x_value_reward_not_chosen
2025-04-11 16:14:12,772 - INFO -   c_value_reward: 16 participants (100.0%)
2025-04-11 16:14:12,772 - INFO -   1: 7 participants (43.8%)
2025-04-11 16:14:12,772 - INFO -   x_value_reward_not_chosen: 7 participants (43.8%)
2025-04-11 16:14:12,772 - INFO -   c_value_choice: 5 participants (31.2%)
2025-04-11 16:14:12,772 - INFO -   x_value_reward_not_chosen^2: 4 participants (25.0%)
2025-04-11 16:14:12,772 - INFO - 
Module: x_value_choice_chosen
2025-04-11 16:14:12,772 - INFO -   1: 16 participants (100.0%)
2025-04-11 16:14:12,772 - INFO -   c_value_choice: 15 participants (93.8%)
2025-04-11 16:14:12,772 - INFO -   x_value_choice_chosen: 13 participants (81.2%)
2025-04-11 16:14:12,772 - INFO -   c_value_choice^2: 7 participants (43.8%)
2025-04-11 16:14:12,772 - INFO -   x_value_choice_chosen c_value_choice: 5 participants (31.2%)
2025-04-11 16:14:12,772 - INFO - 
Module: x_value_choice_not_chosen
2025-04-11 16:14:12,772 - INFO -   1: 16 participants (100.0%)
2025-04-11 16:14:12,772 - INFO -   c_value_choice: 13 participants (81.2%)
2025-04-11 16:14:12,772 - INFO -   c_value_reward: 13 participants (81.2%)
2025-04-11 16:14:12,772 - INFO -   x_value_choice_not_chosen: 13 participants (81.2%)
2025-04-11 16:14:12,772 - INFO -   x_value_choice_not_chosen c_value_choice: 12 participants (75.0%)
2025-04-11 16:14:12,799 - INFO - Analysis completed successfully!
2025-04-11 16:15:17,843 - INFO - Processing participant 0, found 1 data sequences
2025-04-11 16:15:19,246 - INFO - Processing participant 1, found 1 data sequences
2025-04-11 16:15:20,512 - INFO - Processing participant 2, found 1 data sequences
2025-04-11 16:15:21,739 - INFO - Processing participant 3, found 1 data sequences
2025-04-11 16:15:22,973 - INFO - Processing participant 4, found 1 data sequences
2025-04-11 16:15:24,200 - INFO - Processing participant 5, found 1 data sequences
2025-04-11 16:15:25,458 - INFO - Processing participant 6, found 1 data sequences
2025-04-11 16:15:26,691 - INFO - Processing participant 7, found 1 data sequences
2025-04-11 16:15:27,917 - INFO - Processing participant 8, found 1 data sequences
2025-04-11 16:15:29,145 - INFO - Processing participant 9, found 1 data sequences
2025-04-11 16:15:30,378 - INFO - Processing participant 10, found 1 data sequences
2025-04-11 16:15:31,636 - INFO - Processing participant 11, found 1 data sequences
2025-04-11 16:15:32,861 - INFO - Processing participant 12, found 1 data sequences
2025-04-11 16:15:34,093 - INFO - Processing participant 13, found 1 data sequences
2025-04-11 16:15:35,314 - INFO - Processing participant 14, found 1 data sequences
2025-04-11 16:15:36,524 - INFO - Processing participant 15, found 1 data sequences
2025-04-11 16:15:37,734 - INFO - 
Module: x_learning_rate_reward
2025-04-11 16:15:37,734 - INFO -   1: 16 participants (100.0%)
2025-04-11 16:15:37,734 - INFO -   x_learning_rate_reward: 15 participants (93.8%)
2025-04-11 16:15:37,734 - INFO -   c_value_choice: 3 participants (18.8%)
2025-04-11 16:15:37,734 - INFO -   c_value_choice^2: 3 participants (18.8%)
2025-04-11 16:15:37,734 - INFO -   x_learning_rate_reward c_value_choice: 2 participants (12.5%)
2025-04-11 16:15:37,734 - INFO - 
Module: x_value_reward_not_chosen
2025-04-11 16:15:37,734 - INFO -   1: 16 participants (100.0%)
2025-04-11 16:15:37,734 - INFO -   x_value_reward_not_chosen: 16 participants (100.0%)
2025-04-11 16:15:37,734 - INFO -   x_value_reward_not_chosen c_value_choice: 5 participants (31.2%)
2025-04-11 16:15:37,735 - INFO -   c_value_choice: 5 participants (31.2%)
2025-04-11 16:15:37,735 - INFO -   c_value_choice^2: 2 participants (12.5%)
2025-04-11 16:15:37,735 - INFO - 
Module: x_value_choice_chosen
2025-04-11 16:15:37,735 - INFO -   1: 16 participants (100.0%)
2025-04-11 16:15:37,735 - INFO -   x_value_choice_chosen: 13 participants (81.2%)
2025-04-11 16:15:37,735 - INFO -   c_value_reward: 7 participants (43.8%)
2025-04-11 16:15:37,735 - INFO -   x_value_choice_chosen c_value_reward: 5 participants (31.2%)
2025-04-11 16:15:37,735 - INFO -   x_value_choice_chosen^2: 1 participants (6.2%)
2025-04-11 16:15:37,735 - INFO - 
Module: x_value_choice_not_chosen
2025-04-11 16:15:37,735 - INFO -   1: 16 participants (100.0%)
2025-04-11 16:15:37,735 - INFO -   x_value_choice_not_chosen: 7 participants (43.8%)
2025-04-11 16:15:37,735 - INFO -   x_value_choice_not_chosen c_value_reward: 6 participants (37.5%)
2025-04-11 16:15:37,735 - INFO -   c_value_reward: 3 participants (18.8%)
2025-04-11 16:15:37,751 - INFO - Analysis completed successfully!
